<?xml version="1.0" encoding="UTF-8"?>
<robot generator="Robot 3.2.2 (Python 3.9.1 on win32)" generated="20210304 13:57:06.288" rpa="false">
<suite id="s1" name="VGtest" source="C:\cygwin64\home\robot\Tests\VGtest.robot">
<test id="s1-t1" name="User can book a car">
<kw name="Given User on the Infotivcar homepage" type="setup">
<kw name="Open Browser" library="SeleniumLibrary">
<doc>Opens a new browser instance to the optional ``url``.</doc>
<arguments>
<arg>${URL}</arg>
<arg>${BROWSER}</arg>
</arguments>
<msg timestamp="20210304 13:57:06.635" level="INFO">Opening browser 'chrome' to base url 'http://rental30.infotiv.net/'.</msg>
<status status="PASS" starttime="20210304 13:57:06.635" endtime="20210304 13:57:09.402"></status>
</kw>
<kw name="Wait Until Page Contains" library="SeleniumLibrary">
<doc>Waits until ``text`` appears on the current page.</doc>
<arguments>
<arg>Infotiv Car Rental</arg>
</arguments>
<status status="PASS" starttime="20210304 13:57:09.402" endtime="20210304 13:57:09.425"></status>
</kw>
<status status="PASS" starttime="20210304 13:57:06.634" endtime="20210304 13:57:09.426"></status>
</kw>
<kw name="Given User on the Infotivcar homepage">
<kw name="Open Browser" library="SeleniumLibrary">
<doc>Opens a new browser instance to the optional ``url``.</doc>
<arguments>
<arg>${URL}</arg>
<arg>${BROWSER}</arg>
</arguments>
<msg timestamp="20210304 13:57:09.427" level="INFO">Opening browser 'chrome' to base url 'http://rental30.infotiv.net/'.</msg>
<status status="PASS" starttime="20210304 13:57:09.426" endtime="20210304 13:57:12.069"></status>
</kw>
<kw name="Wait Until Page Contains" library="SeleniumLibrary">
<doc>Waits until ``text`` appears on the current page.</doc>
<arguments>
<arg>Infotiv Car Rental</arg>
</arguments>
<status status="PASS" starttime="20210304 13:57:12.069" endtime="20210304 13:57:12.093"></status>
</kw>
<status status="PASS" starttime="20210304 13:57:09.426" endtime="20210304 13:57:12.093"></status>
</kw>
<kw name="When User enters valid email and password">
<kw name="Input Text" library="SeleniumLibrary">
<doc>Types the given ``text`` into the text field identified by ``locator``.</doc>
<arguments>
<arg>xpath://*[@id="email"]</arg>
<arg>${USERID}</arg>
</arguments>
<msg timestamp="20210304 13:57:12.095" level="INFO">Typing text 'abc@info.com' into text field 'xpath://*[@id="email"]'.</msg>
<status status="PASS" starttime="20210304 13:57:12.095" endtime="20210304 13:57:12.244"></status>
</kw>
<kw name="Input Text" library="SeleniumLibrary">
<doc>Types the given ``text`` into the text field identified by ``locator``.</doc>
<arguments>
<arg>xpath://*[@id="password"]</arg>
<arg>${PASSWORD}</arg>
</arguments>
<msg timestamp="20210304 13:57:12.245" level="INFO">Typing text 'test123' into text field 'xpath://*[@id="password"]'.</msg>
<status status="PASS" starttime="20210304 13:57:12.244" endtime="20210304 13:57:12.353"></status>
</kw>
<status status="PASS" starttime="20210304 13:57:12.094" endtime="20210304 13:57:12.353"></status>
</kw>
<kw name="And User clicks the Login button">
<kw name="Press Keys" library="SeleniumLibrary">
<doc>Simulates the user pressing key(s) to an element or on the active browser.</doc>
<arguments>
<arg>xpath://*[@id="login"]</arg>
<arg>RETURN</arg>
</arguments>
<msg timestamp="20210304 13:57:12.354" level="INFO">Sending key(s) ('RETURN',) to xpath://*[@id="login"] element.</msg>
<msg timestamp="20210304 13:57:13.353" level="INFO">Pressing special key RETURN to element.</msg>
<msg timestamp="20210304 13:57:13.353" level="INFO">Releasing special key RETURN.</msg>
<status status="PASS" starttime="20210304 13:57:12.354" endtime="20210304 13:57:13.368"></status>
</kw>
<status status="PASS" starttime="20210304 13:57:12.354" endtime="20210304 13:57:13.368"></status>
</kw>
<kw name="Then User is logged in">
<kw name="Page Should Contain" library="SeleniumLibrary">
<doc>Verifies that current page contains ``text``.</doc>
<arguments>
<arg>${SIGNINMESSAGE}</arg>
</arguments>
<msg timestamp="20210304 13:57:13.389" level="INFO">Current page contains text 'You are signed in'.</msg>
<status status="PASS" starttime="20210304 13:57:13.369" endtime="20210304 13:57:13.389"></status>
</kw>
<status status="PASS" starttime="20210304 13:57:13.369" endtime="20210304 13:57:13.389"></status>
</kw>
<kw name="User enters valid dates to book car">
<kw name="Press Keys" library="SeleniumLibrary">
<doc>Simulates the user pressing key(s) to an element or on the active browser.</doc>
<arguments>
<arg>xpath://*[@id="reset"]</arg>
<arg>RETURN</arg>
</arguments>
<msg timestamp="20210304 13:57:13.392" level="INFO">Sending key(s) ('RETURN',) to xpath://*[@id="reset"] element.</msg>
<msg timestamp="20210304 13:57:14.024" level="INFO">Pressing special key RETURN to element.</msg>
<msg timestamp="20210304 13:57:14.024" level="INFO">Releasing special key RETURN.</msg>
<status status="PASS" starttime="20210304 13:57:13.391" endtime="20210304 13:57:14.046"></status>
</kw>
<kw name="Get Current Date" library="DateTime">
<doc>Returns current local or UTC time with an optional increment.</doc>
<assign>
<var>${d}</var>
</assign>
<msg timestamp="20210304 13:57:14.047" level="INFO">${d} = 2021-03-04 13:57:14.046</msg>
<status status="PASS" starttime="20210304 13:57:14.046" endtime="20210304 13:57:14.047"></status>
</kw>
<kw name="Add Time To Date" library="DateTime">
<doc>Adds time to date and returns the resulting date.</doc>
<arguments>
<arg>(${d},</arg>
<arg>7)</arg>
<arg>result_format=%m%d</arg>
</arguments>
<assign>
<var>${CURRENTDATE}</var>
</assign>
<msg timestamp="20210304 13:57:14.053" level="FAIL">ValueError: Invalid time string '7)'.</msg>
<status status="FAIL" starttime="20210304 13:57:14.047" endtime="20210304 13:57:14.053"></status>
</kw>
<status status="FAIL" starttime="20210304 13:57:13.390" endtime="20210304 13:57:14.053"></status>
</kw>
<kw name="End Web Test" type="teardown">
<kw name="Close All Browsers" library="SeleniumLibrary">
<doc>Closes all open browsers and resets the browser cache.</doc>
<status status="PASS" starttime="20210304 13:57:14.054" endtime="20210304 13:57:18.594"></status>
</kw>
<status status="PASS" starttime="20210304 13:57:14.054" endtime="20210304 13:57:18.595"></status>
</kw>
<doc>This test verifies end to end functionality of book a car</doc>
<tags>
<tag>a car</tag>
<tag>Booking</tag>
</tags>
<status status="FAIL" starttime="20210304 13:57:06.633" endtime="20210304 13:57:18.596" critical="yes">ValueError: Invalid time string '7)'.</status>
</test>
<doc>This is some basic infor about the whole test suite</doc>
<status status="FAIL" starttime="20210304 13:57:06.291" endtime="20210304 13:57:18.602"></status>
</suite>
<statistics>
<total>
<stat pass="0" fail="1">Critical Tests</stat>
<stat pass="0" fail="1">All Tests</stat>
</total>
<tag>
<stat pass="0" fail="1">a car</stat>
<stat pass="0" fail="1">Booking</stat>
</tag>
<suite>
<stat pass="0" fail="1" id="s1" name="VGtest">VGtest</stat>
</suite>
</statistics>
<errors>
</errors>
</robot>
